{"C:\\Users\\Donte\\.claude-worktrees\\Next Level Electric\\wizardly-vaughan\\forge-exec\\adapters\\crm\\jobber-adapter.ts": {"path":"C:\\Users\\Donte\\.claude-worktrees\\Next Level Electric\\wizardly-vaughan\\forge-exec\\adapters\\crm\\jobber-adapter.ts","statementMap":{"0":{"start":{"line":39,"column":19},"end":{"line":46,"column":null}},"1":{"start":{"line":48,"column":2},"end":{"line":50,"column":null}},"2":{"start":{"line":49,"column":4},"end":{"line":49,"column":null}},"3":{"start":{"line":61,"column":28},"end":{"line":61,"column":null}},"4":{"start":{"line":63,"column":19},"end":{"line":70,"column":null}},"5":{"start":{"line":72,"column":2},"end":{"line":74,"column":null}},"6":{"start":{"line":73,"column":4},"end":{"line":73,"column":null}}},"fnMap":{"0":{"name":"syncJobToJobber","decl":{"start":{"line":32,"column":22},"end":{"line":32,"column":null}},"loc":{"start":{"line":35,"column":17},"end":{"line":51,"column":null}},"line":35},"1":{"name":"updateJobStatus","decl":{"start":{"line":57,"column":22},"end":{"line":57,"column":null}},"loc":{"start":{"line":60,"column":17},"end":{"line":75,"column":null}},"line":60}},"branchMap":{"0":{"loc":{"start":{"line":48,"column":2},"end":{"line":50,"column":null}},"type":"if","locations":[{"start":{"line":48,"column":2},"end":{"line":50,"column":null}},{"start":{},"end":{}}],"line":48},"1":{"loc":{"start":{"line":72,"column":2},"end":{"line":74,"column":null}},"type":"if","locations":[{"start":{"line":72,"column":2},"end":{"line":74,"column":null}},{"start":{},"end":{}}],"line":72}},"s":{"0":5,"1":5,"2":1,"3":4,"4":4,"5":4,"6":1},"f":{"0":5,"1":4},"b":{"0":[1,4],"1":[1,3]},"meta":{"lastBranch":2,"lastFunction":2,"lastStatement":7,"seen":{"f:32:22:32:Infinity":0,"s:39:19:46:Infinity":0,"b:48:2:50:Infinity:undefined:undefined:undefined:undefined":0,"s:48:2:50:Infinity":1,"s:49:4:49:Infinity":2,"f:57:22:57:Infinity":1,"s:61:28:61:Infinity":3,"s:63:19:70:Infinity":4,"b:72:2:74:Infinity:undefined:undefined:undefined:undefined":1,"s:72:2:74:Infinity":5,"s:73:4:73:Infinity":6}}}
,"C:\\Users\\Donte\\.claude-worktrees\\Next Level Electric\\wizardly-vaughan\\forge-exec\\adapters\\dispatch\\samsara-adapter.ts": {"path":"C:\\Users\\Donte\\.claude-worktrees\\Next Level Electric\\wizardly-vaughan\\forge-exec\\adapters\\dispatch\\samsara-adapter.ts","statementMap":{"0":{"start":{"line":29,"column":19},"end":{"line":36,"column":null}},"1":{"start":{"line":38,"column":2},"end":{"line":40,"column":null}},"2":{"start":{"line":39,"column":4},"end":{"line":39,"column":null}},"3":{"start":{"line":51,"column":19},"end":{"line":56,"column":null}},"4":{"start":{"line":58,"column":2},"end":{"line":60,"column":null}},"5":{"start":{"line":59,"column":4},"end":{"line":59,"column":null}}},"fnMap":{"0":{"name":"dispatchTechnician","decl":{"start":{"line":25,"column":22},"end":{"line":25,"column":null}},"loc":{"start":{"line":28,"column":17},"end":{"line":41,"column":null}},"line":28},"1":{"name":"trackLocation","decl":{"start":{"line":47,"column":22},"end":{"line":47,"column":null}},"loc":{"start":{"line":50,"column":17},"end":{"line":61,"column":null}},"line":50}},"branchMap":{"0":{"loc":{"start":{"line":38,"column":2},"end":{"line":40,"column":null}},"type":"if","locations":[{"start":{"line":38,"column":2},"end":{"line":40,"column":null}},{"start":{},"end":{}}],"line":38},"1":{"loc":{"start":{"line":58,"column":2},"end":{"line":60,"column":null}},"type":"if","locations":[{"start":{"line":58,"column":2},"end":{"line":60,"column":null}},{"start":{},"end":{}}],"line":58}},"s":{"0":7,"1":7,"2":1,"3":2,"4":2,"5":1},"f":{"0":7,"1":2},"b":{"0":[1,6],"1":[1,1]},"meta":{"lastBranch":2,"lastFunction":2,"lastStatement":6,"seen":{"f:25:22:25:Infinity":0,"s:29:19:36:Infinity":0,"b:38:2:40:Infinity:undefined:undefined:undefined:undefined":0,"s:38:2:40:Infinity":1,"s:39:4:39:Infinity":2,"f:47:22:47:Infinity":1,"s:51:19:56:Infinity":3,"b:58:2:60:Infinity:undefined:undefined:undefined:undefined":1,"s:58:2:60:Infinity":4,"s:59:4:59:Infinity":5}}}
,"C:\\Users\\Donte\\.claude-worktrees\\Next Level Electric\\wizardly-vaughan\\forge-exec\\adapters\\invoicing\\quickbooks-adapter.ts": {"path":"C:\\Users\\Donte\\.claude-worktrees\\Next Level Electric\\wizardly-vaughan\\forge-exec\\adapters\\invoicing\\quickbooks-adapter.ts","statementMap":{"0":{"start":{"line":30,"column":19},"end":{"line":41,"column":null}},"1":{"start":{"line":43,"column":2},"end":{"line":45,"column":null}},"2":{"start":{"line":44,"column":4},"end":{"line":44,"column":null}},"3":{"start":{"line":56,"column":19},"end":{"line":67,"column":null}},"4":{"start":{"line":69,"column":2},"end":{"line":71,"column":null}},"5":{"start":{"line":70,"column":4},"end":{"line":70,"column":null}}},"fnMap":{"0":{"name":"createInvoice","decl":{"start":{"line":26,"column":22},"end":{"line":26,"column":null}},"loc":{"start":{"line":29,"column":17},"end":{"line":46,"column":null}},"line":29},"1":{"name":"recordPayment","decl":{"start":{"line":52,"column":22},"end":{"line":52,"column":null}},"loc":{"start":{"line":55,"column":17},"end":{"line":72,"column":null}},"line":55}},"branchMap":{"0":{"loc":{"start":{"line":43,"column":2},"end":{"line":45,"column":null}},"type":"if","locations":[{"start":{"line":43,"column":2},"end":{"line":45,"column":null}},{"start":{},"end":{}}],"line":43},"1":{"loc":{"start":{"line":69,"column":2},"end":{"line":71,"column":null}},"type":"if","locations":[{"start":{"line":69,"column":2},"end":{"line":71,"column":null}},{"start":{},"end":{}}],"line":69}},"s":{"0":7,"1":7,"2":1,"3":2,"4":2,"5":1},"f":{"0":7,"1":2},"b":{"0":[1,6],"1":[1,1]},"meta":{"lastBranch":2,"lastFunction":2,"lastStatement":6,"seen":{"f:26:22:26:Infinity":0,"s:30:19:41:Infinity":0,"b:43:2:45:Infinity:undefined:undefined:undefined:undefined":0,"s:43:2:45:Infinity":1,"s:44:4:44:Infinity":2,"f:52:22:52:Infinity":1,"s:56:19:67:Infinity":3,"b:69:2:71:Infinity:undefined:undefined:undefined:undefined":1,"s:69:2:71:Infinity":4,"s:70:4:70:Infinity":5}}}
,"C:\\Users\\Donte\\.claude-worktrees\\Next Level Electric\\wizardly-vaughan\\forge-exec\\adapters\\notifications\\twilio-adapter.ts": {"path":"C:\\Users\\Donte\\.claude-worktrees\\Next Level Electric\\wizardly-vaughan\\forge-exec\\adapters\\notifications\\twilio-adapter.ts","statementMap":{"0":{"start":{"line":30,"column":23},"end":{"line":30,"column":null}},"1":{"start":{"line":32,"column":19},"end":{"line":46,"column":null}},"2":{"start":{"line":48,"column":2},"end":{"line":50,"column":null}},"3":{"start":{"line":49,"column":4},"end":{"line":49,"column":null}},"4":{"start":{"line":62,"column":32},"end":{"line":62,"column":null}},"5":{"start":{"line":68,"column":19},"end":{"line":80,"column":null}},"6":{"start":{"line":82,"column":2},"end":{"line":84,"column":null}},"7":{"start":{"line":83,"column":4},"end":{"line":83,"column":null}}},"fnMap":{"0":{"name":"sendSMS","decl":{"start":{"line":26,"column":22},"end":{"line":26,"column":null}},"loc":{"start":{"line":29,"column":17},"end":{"line":51,"column":null}},"line":29},"1":{"name":"sendEmail","decl":{"start":{"line":57,"column":22},"end":{"line":57,"column":null}},"loc":{"start":{"line":60,"column":17},"end":{"line":85,"column":null}},"line":60}},"branchMap":{"0":{"loc":{"start":{"line":48,"column":2},"end":{"line":50,"column":null}},"type":"if","locations":[{"start":{"line":48,"column":2},"end":{"line":50,"column":null}},{"start":{},"end":{}}],"line":48},"1":{"loc":{"start":{"line":82,"column":2},"end":{"line":84,"column":null}},"type":"if","locations":[{"start":{"line":82,"column":2},"end":{"line":84,"column":null}},{"start":{},"end":{}}],"line":82}},"s":{"0":7,"1":7,"2":7,"3":1,"4":3,"5":3,"6":3,"7":1},"f":{"0":7,"1":3},"b":{"0":[1,6],"1":[1,2]},"meta":{"lastBranch":2,"lastFunction":2,"lastStatement":8,"seen":{"f:26:22:26:Infinity":0,"s:30:23:30:Infinity":0,"s:32:19:46:Infinity":1,"b:48:2:50:Infinity:undefined:undefined:undefined:undefined":0,"s:48:2:50:Infinity":2,"s:49:4:49:Infinity":3,"f:57:22:57:Infinity":1,"s:62:32:62:Infinity":4,"s:68:19:80:Infinity":5,"b:82:2:84:Infinity:undefined:undefined:undefined:undefined":1,"s:82:2:84:Infinity":6,"s:83:4:83:Infinity":7}}}
,"C:\\Users\\Donte\\.claude-worktrees\\Next Level Electric\\wizardly-vaughan\\forge-exec\\executor\\executor.ts": {"path":"C:\\Users\\Donte\\.claude-worktrees\\Next Level Electric\\wizardly-vaughan\\forge-exec\\executor\\executor.ts","statementMap":{"0":{"start":{"line":56,"column":35},"end":{"line":61,"column":null}},"1":{"start":{"line":64,"column":19},"end":{"line":64,"column":null}},"2":{"start":{"line":67,"column":2},"end":{"line":74,"column":null}},"3":{"start":{"line":68,"column":4},"end":{"line":73,"column":null}},"4":{"start":{"line":77,"column":38},"end":{"line":83,"column":null}},"5":{"start":{"line":85,"column":8},"end":{"line":89,"column":null}},"6":{"start":{"line":85,"column":88},"end":{"line":89,"column":4}},"7":{"start":{"line":91,"column":8},"end":{"line":91,"column":null}},"8":{"start":{"line":93,"column":2},"end":{"line":98,"column":null}},"9":{"start":{"line":111,"column":40},"end":{"line":121,"column":null}},"10":{"start":{"line":123,"column":2},"end":{"line":123,"column":null}},"11":{"start":{"line":134,"column":2},"end":{"line":134,"column":null}}},"fnMap":{"0":{"name":"executeEvent","decl":{"start":{"line":49,"column":22},"end":{"line":49,"column":null}},"loc":{"start":{"line":54,"column":28},"end":{"line":99,"column":null}},"line":54},"1":{"name":"(anonymous_1)","decl":{"start":{"line":85,"column":77},"end":{"line":85,"column":88}},"loc":{"start":{"line":85,"column":88},"end":{"line":89,"column":4}},"line":85},"2":{"name":"deriveProposedState","decl":{"start":{"line":108,"column":9},"end":{"line":108,"column":29}},"loc":{"start":{"line":108,"column":62},"end":{"line":124,"column":null}},"line":108},"3":{"name":"acknowledgeOutputs","decl":{"start":{"line":131,"column":16},"end":{"line":131,"column":null}},"loc":{"start":{"line":133,"column":18},"end":{"line":135,"column":null}},"line":133}},"branchMap":{"0":{"loc":{"start":{"line":67,"column":2},"end":{"line":74,"column":null}},"type":"if","locations":[{"start":{"line":67,"column":2},"end":{"line":74,"column":null}},{"start":{},"end":{}}],"line":67},"1":{"loc":{"start":{"line":85,"column":49},"end":{"line":85,"column":73}},"type":"binary-expr","locations":[{"start":{"line":85,"column":49},"end":{"line":85,"column":69}},{"start":{"line":85,"column":69},"end":{"line":85,"column":73}}],"line":85},"2":{"loc":{"start":{"line":96,"column":13},"end":{"line":96,"column":null}},"type":"binary-expr","locations":[{"start":{"line":96,"column":13},"end":{"line":96,"column":33}},{"start":{"line":96,"column":33},"end":{"line":96,"column":null}}],"line":96},"3":{"loc":{"start":{"line":123,"column":9},"end":{"line":123,"column":null}},"type":"binary-expr","locations":[{"start":{"line":123,"column":9},"end":{"line":123,"column":33}},{"start":{"line":123,"column":33},"end":{"line":123,"column":null}}],"line":123}},"s":{"0":22,"1":22,"2":22,"3":5,"4":17,"5":17,"6":5,"7":22,"8":22,"9":22,"10":22,"11":2},"f":{"0":22,"1":5,"2":22,"3":2},"b":{"0":[5,17],"1":[17,1],"2":[22,1],"3":[22,0]},"meta":{"lastBranch":4,"lastFunction":4,"lastStatement":12,"seen":{"f:49:22:49:Infinity":0,"s:56:35:61:Infinity":0,"s:64:19:64:Infinity":1,"b:67:2:74:Infinity:undefined:undefined:undefined:undefined":0,"s:67:2:74:Infinity":2,"s:68:4:73:Infinity":3,"s:77:38:83:Infinity":4,"s:85:8:89:Infinity":5,"b:85:49:85:69:85:69:85:73":1,"f:85:77:85:88":1,"s:85:88:89:4":6,"s:91:8:91:Infinity":7,"s:93:2:98:Infinity":8,"b:96:13:96:33:96:33:96:Infinity":2,"f:108:9:108:29":2,"s:111:40:121:Infinity":9,"s:123:2:123:Infinity":10,"b:123:9:123:33:123:33:123:Infinity":3,"f:131:16:131:Infinity":3,"s:134:2:134:Infinity":11}}}
,"C:\\Users\\Donte\\.claude-worktrees\\Next Level Electric\\wizardly-vaughan\\forge-exec\\executor\\state.ts": {"path":"C:\\Users\\Donte\\.claude-worktrees\\Next Level Electric\\wizardly-vaughan\\forge-exec\\executor\\state.ts","statementMap":{"0":{"start":{"line":41,"column":2},"end":{"line":46,"column":null}},"1":{"start":{"line":58,"column":2},"end":{"line":63,"column":null}},"2":{"start":{"line":73,"column":2},"end":{"line":76,"column":null}}},"fnMap":{"0":{"name":"createInitialState","decl":{"start":{"line":37,"column":16},"end":{"line":37,"column":null}},"loc":{"start":{"line":40,"column":18},"end":{"line":47,"column":null}},"line":40},"1":{"name":"transitionState","decl":{"start":{"line":53,"column":16},"end":{"line":53,"column":null}},"loc":{"start":{"line":57,"column":18},"end":{"line":64,"column":null}},"line":57},"2":{"name":"clearPendingOutputs","decl":{"start":{"line":70,"column":16},"end":{"line":70,"column":null}},"loc":{"start":{"line":72,"column":18},"end":{"line":77,"column":null}},"line":72}},"branchMap":{},"s":{"0":20,"1":17,"2":2},"f":{"0":20,"1":17,"2":2},"b":{},"meta":{"lastBranch":0,"lastFunction":3,"lastStatement":3,"seen":{"f:37:16:37:Infinity":0,"s:41:2:46:Infinity":0,"f:53:16:53:Infinity":1,"s:58:2:63:Infinity":1,"f:70:16:70:Infinity":2,"s:73:2:76:Infinity":2}}}
,"C:\\Users\\Donte\\.claude-worktrees\\Next Level Electric\\wizardly-vaughan\\forge-exec\\kernel-client\\mock-kernel.ts": {"path":"C:\\Users\\Donte\\.claude-worktrees\\Next Level Electric\\wizardly-vaughan\\forge-exec\\kernel-client\\mock-kernel.ts","statementMap":{"0":{"start":{"line":28,"column":69},"end":{"line":37,"column":null}},"1":{"start":{"line":51,"column":44},"end":{"line":51,"column":null}},"2":{"start":{"line":54,"column":30},"end":{"line":54,"column":null}},"3":{"start":{"line":56,"column":4},"end":{"line":61,"column":null}},"4":{"start":{"line":57,"column":6},"end":{"line":60,"column":null}},"5":{"start":{"line":64,"column":20},"end":{"line":64,"column":null}},"6":{"start":{"line":66,"column":4},"end":{"line":70,"column":null}},"7":{"start":{"line":83,"column":102},"end":{"line":83,"column":null}},"8":{"start":{"line":86,"column":4},"end":{"line":141,"column":null}},"9":{"start":{"line":88,"column":8},"end":{"line":95,"column":null}},"10":{"start":{"line":96,"column":8},"end":{"line":96,"column":null}},"11":{"start":{"line":99,"column":8},"end":{"line":106,"column":null}},"12":{"start":{"line":107,"column":8},"end":{"line":107,"column":null}},"13":{"start":{"line":110,"column":8},"end":{"line":117,"column":null}},"14":{"start":{"line":118,"column":8},"end":{"line":118,"column":null}},"15":{"start":{"line":121,"column":8},"end":{"line":128,"column":null}},"16":{"start":{"line":129,"column":8},"end":{"line":129,"column":null}},"17":{"start":{"line":132,"column":8},"end":{"line":139,"column":null}},"18":{"start":{"line":140,"column":8},"end":{"line":140,"column":null}},"19":{"start":{"line":143,"column":4},"end":{"line":143,"column":null}},"20":{"start":{"line":151,"column":2},"end":{"line":151,"column":null}}},"fnMap":{"0":{"name":"(anonymous_0)","decl":{"start":{"line":50,"column":8},"end":{"line":50,"column":15}},"loc":{"start":{"line":50,"column":66},"end":{"line":71,"column":null}},"line":50},"1":{"name":"(anonymous_1)","decl":{"start":{"line":79,"column":10},"end":{"line":79,"column":null}},"loc":{"start":{"line":82,"column":4},"end":{"line":144,"column":null}},"line":82},"2":{"name":"createMockKernel","decl":{"start":{"line":150,"column":16},"end":{"line":150,"column":52}},"loc":{"start":{"line":150,"column":52},"end":{"line":152,"column":null}},"line":150}},"branchMap":{"0":{"loc":{"start":{"line":56,"column":4},"end":{"line":61,"column":null}},"type":"if","locations":[{"start":{"line":56,"column":4},"end":{"line":61,"column":null}},{"start":{},"end":{}}],"line":56},"1":{"loc":{"start":{"line":86,"column":4},"end":{"line":141,"column":null}},"type":"switch","locations":[{"start":{"line":87,"column":6},"end":{"line":96,"column":null}},{"start":{"line":98,"column":6},"end":{"line":107,"column":null}},{"start":{"line":109,"column":6},"end":{"line":118,"column":null}},{"start":{"line":120,"column":6},"end":{"line":129,"column":null}},{"start":{"line":131,"column":6},"end":{"line":140,"column":null}}],"line":86}},"s":{"0":2,"1":16,"2":16,"3":16,"4":4,"5":12,"6":12,"7":12,"8":12,"9":4,"10":4,"11":0,"12":0,"13":0,"14":0,"15":0,"16":0,"17":0,"18":0,"19":12,"20":14},"f":{"0":16,"1":12,"2":14},"b":{"0":[4,12],"1":[4,0,0,0,0]},"meta":{"lastBranch":2,"lastFunction":3,"lastStatement":21,"seen":{"s:28:69:37:Infinity":0,"f:50:8:50:15":0,"s:51:44:51:Infinity":1,"s:54:30:54:Infinity":2,"b:56:4:61:Infinity:undefined:undefined:undefined:undefined":0,"s:56:4:61:Infinity":3,"s:57:6:60:Infinity":4,"s:64:20:64:Infinity":5,"s:66:4:70:Infinity":6,"f:79:10:79:Infinity":1,"s:83:102:83:Infinity":7,"b:87:6:96:Infinity:98:6:107:Infinity:109:6:118:Infinity:120:6:129:Infinity:131:6:140:Infinity":1,"s:86:4:141:Infinity":8,"s:88:8:95:Infinity":9,"s:96:8:96:Infinity":10,"s:99:8:106:Infinity":11,"s:107:8:107:Infinity":12,"s:110:8:117:Infinity":13,"s:118:8:118:Infinity":14,"s:121:8:128:Infinity":15,"s:129:8:129:Infinity":16,"s:132:8:139:Infinity":17,"s:140:8:140:Infinity":18,"s:143:4:143:Infinity":19,"f:150:16:150:52":2,"s:151:2:151:Infinity":20}}}
,"C:\\Users\\Donte\\.claude-worktrees\\Next Level Electric\\wizardly-vaughan\\forge-exec\\kernel-client\\primus-kernel.ts": {"path":"C:\\Users\\Donte\\.claude-worktrees\\Next Level Electric\\wizardly-vaughan\\forge-exec\\kernel-client\\primus-kernel.ts","statementMap":{"0":{"start":{"line":38,"column":4},"end":{"line":38,"column":null}},"1":{"start":{"line":46,"column":23},"end":{"line":46,"column":null}},"2":{"start":{"line":47,"column":22},"end":{"line":50,"column":null}},"3":{"start":{"line":48,"column":12},"end":{"line":48,"column":null}},"4":{"start":{"line":52,"column":4},"end":{"line":82,"column":null}},"5":{"start":{"line":53,"column":23},"end":{"line":61,"column":null}},"6":{"start":{"line":63,"column":6},"end":{"line":63,"column":null}},"7":{"start":{"line":65,"column":6},"end":{"line":67,"column":null}},"8":{"start":{"line":66,"column":8},"end":{"line":66,"column":null}},"9":{"start":{"line":69,"column":23},"end":{"line":69,"column":null}},"10":{"start":{"line":70,"column":6},"end":{"line":70,"column":null}},"11":{"start":{"line":72,"column":6},"end":{"line":72,"column":null}},"12":{"start":{"line":74,"column":6},"end":{"line":79,"column":null}},"13":{"start":{"line":75,"column":8},"end":{"line":77,"column":null}},"14":{"start":{"line":76,"column":10},"end":{"line":76,"column":null}},"15":{"start":{"line":78,"column":8},"end":{"line":78,"column":null}},"16":{"start":{"line":81,"column":6},"end":{"line":81,"column":null}},"17":{"start":{"line":90,"column":2},"end":{"line":90,"column":null}}},"fnMap":{"0":{"name":"(anonymous_0)","decl":{"start":{"line":37,"column":2},"end":{"line":37,"column":14}},"loc":{"start":{"line":37,"column":42},"end":{"line":39,"column":null}},"line":37},"1":{"name":"(anonymous_1)","decl":{"start":{"line":45,"column":8},"end":{"line":45,"column":15}},"loc":{"start":{"line":45,"column":66},"end":{"line":83,"column":null}},"line":45},"2":{"name":"(anonymous_2)","decl":{"start":{"line":48,"column":6},"end":{"line":48,"column":12}},"loc":{"start":{"line":48,"column":12},"end":{"line":48,"column":null}},"line":48},"3":{"name":"createPrimusKernel","decl":{"start":{"line":89,"column":16},"end":{"line":89,"column":35}},"loc":{"start":{"line":89,"column":80},"end":{"line":91,"column":null}},"line":89}},"branchMap":{"0":{"loc":{"start":{"line":49,"column":6},"end":{"line":49,"column":null}},"type":"binary-expr","locations":[{"start":{"line":49,"column":6},"end":{"line":49,"column":29}},{"start":{"line":49,"column":29},"end":{"line":49,"column":null}}],"line":49},"1":{"loc":{"start":{"line":65,"column":6},"end":{"line":67,"column":null}},"type":"if","locations":[{"start":{"line":65,"column":6},"end":{"line":67,"column":null}},{"start":{},"end":{}}],"line":65},"2":{"loc":{"start":{"line":74,"column":6},"end":{"line":79,"column":null}},"type":"if","locations":[{"start":{"line":74,"column":6},"end":{"line":79,"column":null}},{"start":{},"end":{}}],"line":74},"3":{"loc":{"start":{"line":75,"column":8},"end":{"line":77,"column":null}},"type":"if","locations":[{"start":{"line":75,"column":8},"end":{"line":77,"column":null}},{"start":{},"end":{}}],"line":75}},"s":{"0":15,"1":15,"2":15,"3":1,"4":15,"5":15,"6":13,"7":13,"8":1,"9":12,"10":12,"11":3,"12":3,"13":3,"14":1,"15":2,"16":0,"17":15},"f":{"0":15,"1":15,"2":1,"3":15},"b":{"0":[15,13],"1":[1,12],"2":[3,0],"3":[1,2]},"meta":{"lastBranch":4,"lastFunction":4,"lastStatement":18,"seen":{"f:37:2:37:14":0,"s:38:4:38:Infinity":0,"f:45:8:45:15":1,"s:46:23:46:Infinity":1,"s:47:22:50:Infinity":2,"f:48:6:48:12":2,"s:48:12:48:Infinity":3,"b:49:6:49:29:49:29:49:Infinity":0,"s:52:4:82:Infinity":4,"s:53:23:61:Infinity":5,"s:63:6:63:Infinity":6,"b:65:6:67:Infinity:undefined:undefined:undefined:undefined":1,"s:65:6:67:Infinity":7,"s:66:8:66:Infinity":8,"s:69:23:69:Infinity":9,"s:70:6:70:Infinity":10,"s:72:6:72:Infinity":11,"b:74:6:79:Infinity:undefined:undefined:undefined:undefined":2,"s:74:6:79:Infinity":12,"b:75:8:77:Infinity:undefined:undefined:undefined:undefined":3,"s:75:8:77:Infinity":13,"s:76:10:76:Infinity":14,"s:78:8:78:Infinity":15,"s:81:6:81:Infinity":16,"f:89:16:89:35":3,"s:90:2:90:Infinity":17}}}
}
